This is pdfTeX, Version 3.141592653-2.6-1.40.24 (TeX Live 2022) (preloaded format=pdflatex 2022.6.2)  10 JUN 2022 13:35
entering extended mode
 restricted \write18 enabled.
 %&-line parsing enabled.
**main.tex
(./main.tex
LaTeX2e <2021-11-15> patch level 1
L3 programming layer <2022-05-30> (./lib_1.tex
(/home/somnath/study/texlive/2022/texmf-dist/tex/latex/base/article.cls
Document Class: article 2021/10/04 v1.4n Standard LaTeX document class
(/home/somnath/study/texlive/2022/texmf-dist/tex/latex/base/size11.clo
File: size11.clo 2021/10/04 v1.4n Standard LaTeX file (size option)
)
\c@part=\count185
\c@section=\count186
\c@subsection=\count187
\c@subsubsection=\count188
\c@paragraph=\count189
\c@subparagraph=\count190
\c@figure=\count191
\c@table=\count192
\abovecaptionskip=\skip47
\belowcaptionskip=\skip48
\bibindent=\dimen138
)
(/home/somnath/study/texlive/2022/texmf-dist/tex/latex/amsmath/amsmath.sty
Package: amsmath 2021/10/15 v2.17l AMS math features
\@mathmargin=\skip49

For additional information on amsmath, use the `?' option.
(/home/somnath/study/texlive/2022/texmf-dist/tex/latex/amsmath/amstext.sty
Package: amstext 2021/08/26 v2.01 AMS text

(/home/somnath/study/texlive/2022/texmf-dist/tex/latex/amsmath/amsgen.sty
File: amsgen.sty 1999/11/30 v2.0 generic functions
\@emptytoks=\toks16
\ex@=\dimen139
))
(/home/somnath/study/texlive/2022/texmf-dist/tex/latex/amsmath/amsbsy.sty
Package: amsbsy 1999/11/29 v1.2d Bold Symbols
\pmbraise@=\dimen140
)
(/home/somnath/study/texlive/2022/texmf-dist/tex/latex/amsmath/amsopn.sty
Package: amsopn 2021/08/26 v2.02 operator names
)
\inf@bad=\count193
LaTeX Info: Redefining \frac on input line 234.
\uproot@=\count194
\leftroot@=\count195
LaTeX Info: Redefining \overline on input line 399.
\classnum@=\count196
\DOTSCASE@=\count197
LaTeX Info: Redefining \ldots on input line 496.
LaTeX Info: Redefining \dots on input line 499.
LaTeX Info: Redefining \cdots on input line 620.
\Mathstrutbox@=\box50
\strutbox@=\box51
\big@size=\dimen141
LaTeX Font Info:    Redeclaring font encoding OML on input line 743.
LaTeX Font Info:    Redeclaring font encoding OMS on input line 744.
\macc@depth=\count198
\c@MaxMatrixCols=\count199
\dotsspace@=\muskip16
\c@parentequation=\count266
\dspbrk@lvl=\count267
\tag@help=\toks17
\row@=\count268
\column@=\count269
\maxfields@=\count270
\andhelp@=\toks18
\eqnshift@=\dimen142
\alignsep@=\dimen143
\tagshift@=\dimen144
\tagwidth@=\dimen145
\totwidth@=\dimen146
\lineht@=\dimen147
\@envbody=\toks19
\multlinegap=\skip50
\multlinetaggap=\skip51
\mathdisplay@stack=\toks20
LaTeX Info: Redefining \[ on input line 2938.
LaTeX Info: Redefining \] on input line 2939.
)
(/home/somnath/study/texlive/2022/texmf-dist/tex/latex/amsfonts/amssymb.sty
Package: amssymb 2013/01/14 v3.01 AMS font symbols

(/home/somnath/study/texlive/2022/texmf-dist/tex/latex/amsfonts/amsfonts.sty
Package: amsfonts 2013/01/14 v3.01 Basic AMSFonts support
\symAMSa=\mathgroup4
\symAMSb=\mathgroup5
LaTeX Font Info:    Redeclaring math symbol \hbar on input line 98.
LaTeX Font Info:    Overwriting math alphabet `\mathfrak' in version `bold'
(Font)                  U/euf/m/n --> U/euf/b/n on input line 106.
))
(/home/somnath/study/texlive/2022/texmf-dist/tex/latex/amscls/amsthm.sty
Package: amsthm 2020/05/29 v2.20.6
\thm@style=\toks21
\thm@bodyfont=\toks22
\thm@headfont=\toks23
\thm@notefont=\toks24
\thm@headpunct=\toks25
\thm@preskip=\skip52
\thm@postskip=\skip53
\thm@headsep=\skip54
\dth@everypar=\toks26
)
(/home/somnath/study/texlive/2022/texmf-dist/tex/latex/graphics/graphicx.sty
Package: graphicx 2021/09/16 v1.2d Enhanced LaTeX Graphics (DPC,SPQR)

(/home/somnath/study/texlive/2022/texmf-dist/tex/latex/graphics/keyval.sty
Package: keyval 2014/10/28 v1.15 key=value parser (DPC)
\KV@toks@=\toks27
)
(/home/somnath/study/texlive/2022/texmf-dist/tex/latex/graphics/graphics.sty
Package: graphics 2021/03/04 v1.4d Standard LaTeX Graphics (DPC,SPQR)

(/home/somnath/study/texlive/2022/texmf-dist/tex/latex/graphics/trig.sty
Package: trig 2021/08/11 v1.11 sin cos tan (DPC)
)
(/home/somnath/study/texlive/2022/texmf-dist/tex/latex/graphics-cfg/graphics.cf
g
File: graphics.cfg 2016/06/04 v1.11 sample graphics configuration
)
Package graphics Info: Driver file: pdftex.def on input line 107.

(/home/somnath/study/texlive/2022/texmf-dist/tex/latex/graphics-def/pdftex.def
File: pdftex.def 2020/10/05 v1.2a Graphics/color driver for pdftex
))
\Gin@req@height=\dimen148
\Gin@req@width=\dimen149
) (/home/somnath/study/texlive/2022/texmf-dist/tex/latex/datetime/datetime.sty
Package: datetime 2015/03/20 v2.60 Date Time Package
(/home/somnath/study/texlive/2022/texmf-dist/tex/latex/etoolbox/etoolbox.sty
Package: etoolbox 2020/10/05 v2.5k e-TeX tools for LaTeX (JAW)
\etb@tempcnta=\count271
)
(/home/somnath/study/texlive/2022/texmf-dist/tex/latex/fmtcount/fmtcount.sty
Package: fmtcount 2020/01/30 v3.07

(/home/somnath/study/texlive/2022/texmf-dist/tex/latex/base/ifthen.sty
Package: ifthen 2020/11/24 v1.1c Standard LaTeX ifthen package (DPC)
)
(/home/somnath/study/texlive/2022/texmf-dist/tex/latex/xkeyval/xkeyval.sty
Package: xkeyval 2020/11/20 v2.8 package option processing (HA)

(/home/somnath/study/texlive/2022/texmf-dist/tex/generic/xkeyval/xkeyval.tex
(/home/somnath/study/texlive/2022/texmf-dist/tex/generic/xkeyval/xkvutils.tex
\XKV@toks=\toks28
\XKV@tempa@toks=\toks29
)
\XKV@depth=\count272
File: xkeyval.tex 2014/12/03 v2.7a key=value parser (HA)
)) (/home/somnath/study/texlive/2022/texmf-dist/tex/latex/fmtcount/fcprefix.sty
Package: fcprefix 2012/09/28

(/home/somnath/study/texlive/2022/texmf-dist/tex/latex/fmtcount/fcnumparser.sty
Package: fcnumparser 2017/06/15
\fc@digit@counter=\count273
))
\c@padzeroesN=\count274
\fc@tmpcatcode=\count275
\@DT@modctr=\count276
\@ordinalctr=\count277
\@orgargctr=\count278
\@strctr=\count279
\@tmpstrctr=\count280
\@DT@loopN=\count281
\@DT@X=\count282
)
(/home/somnath/study/texlive/2022/texmf-dist/tex/latex/datetime/datetime-defaul
ts.sty
Package: datetime-defaults 2013/09/10
)
\@day=\count283
\@month=\count284
\@year=\count285
\c@HOUR=\count286
\c@HOURXII=\count287
\c@MINUTE=\count288
\c@TOHOUR=\count289
\c@TOMINUTE=\count290
\c@SECOND=\count291
\currenthour=\count292
\currentminute=\count293
\currentsecond=\count294
Package datetime Info: No datetime.cfg file found, using default settings on in
put line 308.
\@dtctr=\count295
\dayofyear=\count296
\dayofweek=\count297
LaTeX Info: Redefining \today on input line 736.
\dt@a=\toks30
\dt@b=\toks31
)
(/home/somnath/study/texlive/2022/texmf-dist/tex/latex/geometry/geometry.sty
Package: geometry 2020/01/02 v5.9 Page Geometry

(/home/somnath/study/texlive/2022/texmf-dist/tex/generic/iftex/ifvtex.sty
Package: ifvtex 2019/10/25 v1.7 ifvtex legacy package. Use iftex instead.

(/home/somnath/study/texlive/2022/texmf-dist/tex/generic/iftex/iftex.sty
Package: iftex 2022/02/03 v1.0f TeX engine tests
))
\Gm@cnth=\count298
\Gm@cntv=\count299
\c@Gm@tempcnt=\count300
\Gm@bindingoffset=\dimen150
\Gm@wd@mp=\dimen151
\Gm@odd@mp=\dimen152
\Gm@even@mp=\dimen153
\Gm@layoutwidth=\dimen154
\Gm@layoutheight=\dimen155
\Gm@layouthoffset=\dimen156
\Gm@layoutvoffset=\dimen157
\Gm@dimlist=\toks32
)
(/home/somnath/study/texlive/2022/texmf-dist/tex/latex/fancyhdr/fancyhdr.sty
Package: fancyhdr 2022/05/18 v4.0.3 Extensive control of page headers and foote
rs
\f@nch@headwidth=\skip55
\f@nch@O@elh=\skip56
\f@nch@O@erh=\skip57
\f@nch@O@olh=\skip58
\f@nch@O@orh=\skip59
\f@nch@O@elf=\skip60
\f@nch@O@erf=\skip61
\f@nch@O@olf=\skip62
\f@nch@O@orf=\skip63
)
(/home/somnath/study/texlive/2022/texmf-dist/tex/latex/mathtools/mathtools.sty
Package: mathtools 2022/02/07 v1.28a mathematical typesetting tools

(/home/somnath/study/texlive/2022/texmf-dist/tex/latex/tools/calc.sty
Package: calc 2017/05/25 v4.3 Infix arithmetic (KKT,FJ)
\calc@Acount=\count301
\calc@Bcount=\count302
\calc@Adimen=\dimen158
\calc@Bdimen=\dimen159
\calc@Askip=\skip64
\calc@Bskip=\skip65
LaTeX Info: Redefining \setlength on input line 80.
LaTeX Info: Redefining \addtolength on input line 81.
\calc@Ccount=\count303
\calc@Cskip=\skip66
)
(/home/somnath/study/texlive/2022/texmf-dist/tex/latex/mathtools/mhsetup.sty
Package: mhsetup 2021/03/18 v1.4 programming setup (MH)
)
\g_MT_multlinerow_int=\count304
\l_MT_multwidth_dim=\dimen160
\origjot=\skip67
\l_MT_shortvdotswithinadjustabove_dim=\dimen161
\l_MT_shortvdotswithinadjustbelow_dim=\dimen162
\l_MT_above_intertext_sep=\dimen163
\l_MT_below_intertext_sep=\dimen164
\l_MT_above_shortintertext_sep=\dimen165
\l_MT_below_shortintertext_sep=\dimen166
\xmathstrut@box=\box52
\xmathstrut@dim=\dimen167
)
(/home/somnath/study/texlive/2022/texmf-dist/tex/latex/tools/bm.sty
Package: bm 2021/04/25 v1.2e Bold Symbol Support (DPC/FMi)
\symboldoperators=\mathgroup6
\symboldletters=\mathgroup7
\symboldsymbols=\mathgroup8
Package bm Info: No bold for \OMX/cmex/m/n, using \pmb.
Package bm Info: No bold for \U/msa/m/n, using \pmb.
Package bm Info: No bold for \U/msb/m/n, using \pmb.
LaTeX Font Info:    Redeclaring math alphabet \mathbf on input line 149.
)
(/home/somnath/study/texlive/2022/texmf-dist/tex/latex/amsfonts/euscript.sty
Package: euscript 2009/06/22 v3.00 Euler Script fonts
LaTeX Font Info:    Overwriting math alphabet `\EuScript' in version `bold'
(Font)                  U/eus/m/n --> U/eus/b/n on input line 33.
)
(/home/somnath/study/texlive/2022/texmf-dist/tex/latex/xcolor/xcolor.sty
Package: xcolor 2021/10/31 v2.13 LaTeX color extensions (UK)

(/home/somnath/study/texlive/2022/texmf-dist/tex/latex/graphics-cfg/color.cfg
File: color.cfg 2016/01/02 v1.6 sample color configuration
)
Package xcolor Info: Driver file: pdftex.def on input line 227.
Package xcolor Info: Model `cmy' substituted by `cmy0' on input line 1352.
Package xcolor Info: Model `hsb' substituted by `rgb' on input line 1356.
Package xcolor Info: Model `RGB' extended on input line 1368.
Package xcolor Info: Model `HTML' substituted by `rgb' on input line 1370.
Package xcolor Info: Model `Hsb' substituted by `hsb' on input line 1371.
Package xcolor Info: Model `tHsb' substituted by `hsb' on input line 1372.
Package xcolor Info: Model `HSB' substituted by `hsb' on input line 1373.
Package xcolor Info: Model `Gray' substituted by `gray' on input line 1374.
Package xcolor Info: Model `wave' substituted by `hsb' on input line 1375.
)
(/home/somnath/study/texlive/2022/texmf-dist/tex/latex/algorithmicx/algpseudoco
de.sty
Package: algpseudocode 

(/home/somnath/study/texlive/2022/texmf-dist/tex/latex/algorithmicx/algorithmic
x.sty
Package: algorithmicx 2005/04/27 v1.2 Algorithmicx

Document Style algorithmicx 1.2 - a greatly improved `algorithmic' style
\c@ALG@line=\count305
\c@ALG@rem=\count306
\c@ALG@nested=\count307
\ALG@tlm=\skip68
\ALG@thistlm=\skip69
\c@ALG@Lnr=\count308
\c@ALG@blocknr=\count309
\c@ALG@storecount=\count310
\c@ALG@tmpcounter=\count311
\ALG@tmplength=\skip70
)
Document Style - pseudocode environments for use with the `algorithmicx' style
) (/home/somnath/study/texlive/2022/texmf-dist/tex/latex/enumitem/enumitem.sty
Package: enumitem 2019/06/20 v3.9 Customized lists
\labelindent=\skip71
\enit@outerparindent=\dimen168
\enit@toks=\toks33
\enit@inbox=\box53
\enit@count@id=\count312
\enitdp@description=\count313
) (/home/somnath/study/texlive/2022/texmf-dist/tex/latex/stmaryrd/stmaryrd.sty
Package: stmaryrd 1994/03/03 St Mary's Road symbol package
\symstmry=\mathgroup9
LaTeX Font Info:    Overwriting symbol font `stmry' in version `bold'
(Font)                  U/stmry/m/n --> U/stmry/b/n on input line 89.
)) (/home/somnath/study/texlive/2022/texmf-dist/tex/latex/tikz-cd/tikz-cd.sty
Package: tikz-cd 2021/05/04 v1.0 Commutative diagrams with TikZ

(/home/somnath/study/texlive/2022/texmf-dist/tex/latex/pgf/frontendlayer/tikz.s
ty
(/home/somnath/study/texlive/2022/texmf-dist/tex/latex/pgf/basiclayer/pgf.sty
(/home/somnath/study/texlive/2022/texmf-dist/tex/latex/pgf/utilities/pgfrcs.sty

(/home/somnath/study/texlive/2022/texmf-dist/tex/generic/pgf/utilities/pgfutil-
common.tex
\pgfutil@everybye=\toks34
\pgfutil@tempdima=\dimen169
\pgfutil@tempdimb=\dimen170

(/home/somnath/study/texlive/2022/texmf-dist/tex/generic/pgf/utilities/pgfutil-
common-lists.tex))
(/home/somnath/study/texlive/2022/texmf-dist/tex/generic/pgf/utilities/pgfutil-
latex.def
\pgfutil@abb=\box54
)
(/home/somnath/study/texlive/2022/texmf-dist/tex/generic/pgf/utilities/pgfrcs.c
ode.tex
(/home/somnath/study/texlive/2022/texmf-dist/tex/generic/pgf/pgf.revision.tex)
Package: pgfrcs 2021/05/15 v3.1.9a (3.1.9a)
))
Package: pgf 2021/05/15 v3.1.9a (3.1.9a)

(/home/somnath/study/texlive/2022/texmf-dist/tex/latex/pgf/basiclayer/pgfcore.s
ty
(/home/somnath/study/texlive/2022/texmf-dist/tex/latex/pgf/systemlayer/pgfsys.s
ty
(/home/somnath/study/texlive/2022/texmf-dist/tex/generic/pgf/systemlayer/pgfsys
.code.tex
Package: pgfsys 2021/05/15 v3.1.9a (3.1.9a)

(/home/somnath/study/texlive/2022/texmf-dist/tex/generic/pgf/utilities/pgfkeys.
code.tex
\pgfkeys@pathtoks=\toks35
\pgfkeys@temptoks=\toks36

(/home/somnath/study/texlive/2022/texmf-dist/tex/generic/pgf/utilities/pgfkeysf
iltered.code.tex
\pgfkeys@tmptoks=\toks37
))
\pgf@x=\dimen171
\pgf@y=\dimen172
\pgf@xa=\dimen173
\pgf@ya=\dimen174
\pgf@xb=\dimen175
\pgf@yb=\dimen176
\pgf@xc=\dimen177
\pgf@yc=\dimen178
\pgf@xd=\dimen179
\pgf@yd=\dimen180
\w@pgf@writea=\write3
\r@pgf@reada=\read2
\c@pgf@counta=\count314
\c@pgf@countb=\count315
\c@pgf@countc=\count316
\c@pgf@countd=\count317
\t@pgf@toka=\toks38
\t@pgf@tokb=\toks39
\t@pgf@tokc=\toks40
\pgf@sys@id@count=\count318

(/home/somnath/study/texlive/2022/texmf-dist/tex/generic/pgf/systemlayer/pgf.cf
g
File: pgf.cfg 2021/05/15 v3.1.9a (3.1.9a)
)
Driver file for pgf: pgfsys-pdftex.def

(/home/somnath/study/texlive/2022/texmf-dist/tex/generic/pgf/systemlayer/pgfsys
-pdftex.def
File: pgfsys-pdftex.def 2021/05/15 v3.1.9a (3.1.9a)

(/home/somnath/study/texlive/2022/texmf-dist/tex/generic/pgf/systemlayer/pgfsys
-common-pdf.def
File: pgfsys-common-pdf.def 2021/05/15 v3.1.9a (3.1.9a)
)))
(/home/somnath/study/texlive/2022/texmf-dist/tex/generic/pgf/systemlayer/pgfsys
softpath.code.tex
File: pgfsyssoftpath.code.tex 2021/05/15 v3.1.9a (3.1.9a)
\pgfsyssoftpath@smallbuffer@items=\count319
\pgfsyssoftpath@bigbuffer@items=\count320
)
(/home/somnath/study/texlive/2022/texmf-dist/tex/generic/pgf/systemlayer/pgfsys
protocol.code.tex
File: pgfsysprotocol.code.tex 2021/05/15 v3.1.9a (3.1.9a)
))
(/home/somnath/study/texlive/2022/texmf-dist/tex/generic/pgf/basiclayer/pgfcore
.code.tex
Package: pgfcore 2021/05/15 v3.1.9a (3.1.9a)

(/home/somnath/study/texlive/2022/texmf-dist/tex/generic/pgf/math/pgfmath.code.
tex
(/home/somnath/study/texlive/2022/texmf-dist/tex/generic/pgf/math/pgfmathcalc.c
ode.tex
(/home/somnath/study/texlive/2022/texmf-dist/tex/generic/pgf/math/pgfmathutil.c
ode.tex)
(/home/somnath/study/texlive/2022/texmf-dist/tex/generic/pgf/math/pgfmathparser
.code.tex
\pgfmath@dimen=\dimen181
\pgfmath@count=\count321
\pgfmath@box=\box55
\pgfmath@toks=\toks41
\pgfmath@stack@operand=\toks42
\pgfmath@stack@operation=\toks43
)
(/home/somnath/study/texlive/2022/texmf-dist/tex/generic/pgf/math/pgfmathfuncti
ons.code.tex
(/home/somnath/study/texlive/2022/texmf-dist/tex/generic/pgf/math/pgfmathfuncti
ons.basic.code.tex)
(/home/somnath/study/texlive/2022/texmf-dist/tex/generic/pgf/math/pgfmathfuncti
ons.trigonometric.code.tex)
(/home/somnath/study/texlive/2022/texmf-dist/tex/generic/pgf/math/pgfmathfuncti
ons.random.code.tex)
(/home/somnath/study/texlive/2022/texmf-dist/tex/generic/pgf/math/pgfmathfuncti
ons.comparison.code.tex)
(/home/somnath/study/texlive/2022/texmf-dist/tex/generic/pgf/math/pgfmathfuncti
ons.base.code.tex)
(/home/somnath/study/texlive/2022/texmf-dist/tex/generic/pgf/math/pgfmathfuncti
ons.round.code.tex)
(/home/somnath/study/texlive/2022/texmf-dist/tex/generic/pgf/math/pgfmathfuncti
ons.misc.code.tex)
(/home/somnath/study/texlive/2022/texmf-dist/tex/generic/pgf/math/pgfmathfuncti
ons.integerarithmetics.code.tex)))
(/home/somnath/study/texlive/2022/texmf-dist/tex/generic/pgf/math/pgfmathfloat.
code.tex
\c@pgfmathroundto@lastzeros=\count322
))
(/home/somnath/study/texlive/2022/texmf-dist/tex/generic/pgf/math/pgfint.code.t
ex)
(/home/somnath/study/texlive/2022/texmf-dist/tex/generic/pgf/basiclayer/pgfcore
points.code.tex
File: pgfcorepoints.code.tex 2021/05/15 v3.1.9a (3.1.9a)
\pgf@picminx=\dimen182
\pgf@picmaxx=\dimen183
\pgf@picminy=\dimen184
\pgf@picmaxy=\dimen185
\pgf@pathminx=\dimen186
\pgf@pathmaxx=\dimen187
\pgf@pathminy=\dimen188
\pgf@pathmaxy=\dimen189
\pgf@xx=\dimen190
\pgf@xy=\dimen191
\pgf@yx=\dimen192
\pgf@yy=\dimen193
\pgf@zx=\dimen194
\pgf@zy=\dimen195
)
(/home/somnath/study/texlive/2022/texmf-dist/tex/generic/pgf/basiclayer/pgfcore
pathconstruct.code.tex
File: pgfcorepathconstruct.code.tex 2021/05/15 v3.1.9a (3.1.9a)
\pgf@path@lastx=\dimen196
\pgf@path@lasty=\dimen197
)
(/home/somnath/study/texlive/2022/texmf-dist/tex/generic/pgf/basiclayer/pgfcore
pathusage.code.tex
File: pgfcorepathusage.code.tex 2021/05/15 v3.1.9a (3.1.9a)
\pgf@shorten@end@additional=\dimen198
\pgf@shorten@start@additional=\dimen199
)
(/home/somnath/study/texlive/2022/texmf-dist/tex/generic/pgf/basiclayer/pgfcore
scopes.code.tex
File: pgfcorescopes.code.tex 2021/05/15 v3.1.9a (3.1.9a)
\pgfpic=\box56
\pgf@hbox=\box57
\pgf@layerbox@main=\box58
\pgf@picture@serial@count=\count323
)
(/home/somnath/study/texlive/2022/texmf-dist/tex/generic/pgf/basiclayer/pgfcore
graphicstate.code.tex
File: pgfcoregraphicstate.code.tex 2021/05/15 v3.1.9a (3.1.9a)
\pgflinewidth=\dimen256
)
(/home/somnath/study/texlive/2022/texmf-dist/tex/generic/pgf/basiclayer/pgfcore
transformations.code.tex
File: pgfcoretransformations.code.tex 2021/05/15 v3.1.9a (3.1.9a)
\pgf@pt@x=\dimen257
\pgf@pt@y=\dimen258
\pgf@pt@temp=\dimen259
)
(/home/somnath/study/texlive/2022/texmf-dist/tex/generic/pgf/basiclayer/pgfcore
quick.code.tex
File: pgfcorequick.code.tex 2021/05/15 v3.1.9a (3.1.9a)
)
(/home/somnath/study/texlive/2022/texmf-dist/tex/generic/pgf/basiclayer/pgfcore
objects.code.tex
File: pgfcoreobjects.code.tex 2021/05/15 v3.1.9a (3.1.9a)
)
(/home/somnath/study/texlive/2022/texmf-dist/tex/generic/pgf/basiclayer/pgfcore
pathprocessing.code.tex
File: pgfcorepathprocessing.code.tex 2021/05/15 v3.1.9a (3.1.9a)
)
(/home/somnath/study/texlive/2022/texmf-dist/tex/generic/pgf/basiclayer/pgfcore
arrows.code.tex
File: pgfcorearrows.code.tex 2021/05/15 v3.1.9a (3.1.9a)
\pgfarrowsep=\dimen260
)
(/home/somnath/study/texlive/2022/texmf-dist/tex/generic/pgf/basiclayer/pgfcore
shade.code.tex
File: pgfcoreshade.code.tex 2021/05/15 v3.1.9a (3.1.9a)
\pgf@max=\dimen261
\pgf@sys@shading@range@num=\count324
\pgf@shadingcount=\count325
)
(/home/somnath/study/texlive/2022/texmf-dist/tex/generic/pgf/basiclayer/pgfcore
image.code.tex
File: pgfcoreimage.code.tex 2021/05/15 v3.1.9a (3.1.9a)

(/home/somnath/study/texlive/2022/texmf-dist/tex/generic/pgf/basiclayer/pgfcore
external.code.tex
File: pgfcoreexternal.code.tex 2021/05/15 v3.1.9a (3.1.9a)
\pgfexternal@startupbox=\box59
))
(/home/somnath/study/texlive/2022/texmf-dist/tex/generic/pgf/basiclayer/pgfcore
layers.code.tex
File: pgfcorelayers.code.tex 2021/05/15 v3.1.9a (3.1.9a)
)
(/home/somnath/study/texlive/2022/texmf-dist/tex/generic/pgf/basiclayer/pgfcore
transparency.code.tex
File: pgfcoretransparency.code.tex 2021/05/15 v3.1.9a (3.1.9a)
)
(/home/somnath/study/texlive/2022/texmf-dist/tex/generic/pgf/basiclayer/pgfcore
patterns.code.tex
File: pgfcorepatterns.code.tex 2021/05/15 v3.1.9a (3.1.9a)
)
(/home/somnath/study/texlive/2022/texmf-dist/tex/generic/pgf/basiclayer/pgfcore
rdf.code.tex
File: pgfcorerdf.code.tex 2021/05/15 v3.1.9a (3.1.9a)
)))
(/home/somnath/study/texlive/2022/texmf-dist/tex/generic/pgf/modules/pgfmodules
hapes.code.tex
File: pgfmoduleshapes.code.tex 2021/05/15 v3.1.9a (3.1.9a)
\pgfnodeparttextbox=\box60
)
(/home/somnath/study/texlive/2022/texmf-dist/tex/generic/pgf/modules/pgfmodulep
lot.code.tex
File: pgfmoduleplot.code.tex 2021/05/15 v3.1.9a (3.1.9a)
)
(/home/somnath/study/texlive/2022/texmf-dist/tex/latex/pgf/compatibility/pgfcom
p-version-0-65.sty
Package: pgfcomp-version-0-65 2021/05/15 v3.1.9a (3.1.9a)
\pgf@nodesepstart=\dimen262
\pgf@nodesepend=\dimen263
)
(/home/somnath/study/texlive/2022/texmf-dist/tex/latex/pgf/compatibility/pgfcom
p-version-1-18.sty
Package: pgfcomp-version-1-18 2021/05/15 v3.1.9a (3.1.9a)
))
(/home/somnath/study/texlive/2022/texmf-dist/tex/latex/pgf/utilities/pgffor.sty

(/home/somnath/study/texlive/2022/texmf-dist/tex/latex/pgf/utilities/pgfkeys.st
y
(/home/somnath/study/texlive/2022/texmf-dist/tex/generic/pgf/utilities/pgfkeys.
code.tex))
(/home/somnath/study/texlive/2022/texmf-dist/tex/latex/pgf/math/pgfmath.sty
(/home/somnath/study/texlive/2022/texmf-dist/tex/generic/pgf/math/pgfmath.code.
tex))
(/home/somnath/study/texlive/2022/texmf-dist/tex/generic/pgf/utilities/pgffor.c
ode.tex
Package: pgffor 2021/05/15 v3.1.9a (3.1.9a)

(/home/somnath/study/texlive/2022/texmf-dist/tex/generic/pgf/math/pgfmath.code.
tex)
\pgffor@iter=\dimen264
\pgffor@skip=\dimen265
\pgffor@stack=\toks44
\pgffor@toks=\toks45
))
(/home/somnath/study/texlive/2022/texmf-dist/tex/generic/pgf/frontendlayer/tikz
/tikz.code.tex
Package: tikz 2021/05/15 v3.1.9a (3.1.9a)

(/home/somnath/study/texlive/2022/texmf-dist/tex/generic/pgf/libraries/pgflibra
ryplothandlers.code.tex
File: pgflibraryplothandlers.code.tex 2021/05/15 v3.1.9a (3.1.9a)
\pgf@plot@mark@count=\count326
\pgfplotmarksize=\dimen266
)
\tikz@lastx=\dimen267
\tikz@lasty=\dimen268
\tikz@lastxsaved=\dimen269
\tikz@lastysaved=\dimen270
\tikz@lastmovetox=\dimen271
\tikz@lastmovetoy=\dimen272
\tikzleveldistance=\dimen273
\tikzsiblingdistance=\dimen274
\tikz@figbox=\box61
\tikz@figbox@bg=\box62
\tikz@tempbox=\box63
\tikz@tempbox@bg=\box64
\tikztreelevel=\count327
\tikznumberofchildren=\count328
\tikznumberofcurrentchild=\count329
\tikz@fig@count=\count330

(/home/somnath/study/texlive/2022/texmf-dist/tex/generic/pgf/modules/pgfmodulem
atrix.code.tex
File: pgfmodulematrix.code.tex 2021/05/15 v3.1.9a (3.1.9a)
\pgfmatrixcurrentrow=\count331
\pgfmatrixcurrentcolumn=\count332
\pgf@matrix@numberofcolumns=\count333
)
\tikz@expandcount=\count334

(/home/somnath/study/texlive/2022/texmf-dist/tex/generic/pgf/frontendlayer/tikz
/libraries/tikzlibrarytopaths.code.tex
File: tikzlibrarytopaths.code.tex 2021/05/15 v3.1.9a (3.1.9a)
)))
(/home/somnath/study/texlive/2022/texmf-dist/tex/generic/tikz-cd/tikzlibrarycd.
code.tex
(/home/somnath/study/texlive/2022/texmf-dist/tex/generic/pgf/frontendlayer/tikz
/libraries/tikzlibrarymatrix.code.tex
File: tikzlibrarymatrix.code.tex 2021/05/15 v3.1.9a (3.1.9a)
)
(/home/somnath/study/texlive/2022/texmf-dist/tex/generic/pgf/frontendlayer/tikz
/libraries/tikzlibraryquotes.code.tex
File: tikzlibraryquotes.code.tex 2021/05/15 v3.1.9a (3.1.9a)
)
(/home/somnath/study/texlive/2022/texmf-dist/tex/generic/pgf/libraries/pgflibra
ryarrows.meta.code.tex
File: pgflibraryarrows.meta.code.tex 2021/05/15 v3.1.9a (3.1.9a)
\pgfarrowinset=\dimen275
\pgfarrowlength=\dimen276
\pgfarrowwidth=\dimen277
\pgfarrowlinewidth=\dimen278
)))
(/home/somnath/study/texlive/2022/texmf-dist/tex/latex/l3backend/l3backend-pdft
ex.def
File: l3backend-pdftex.def 2022-04-20 L3 backend support: PDF output (pdfTeX)
\l__color_backend_stack_int=\count335
\l__pdf_internal_box=\box65
) (./main.aux)
\openout1 = `main.aux'.

LaTeX Font Info:    Checking defaults for OML/cmm/m/it on input line 3.
LaTeX Font Info:    ... okay on input line 3.
LaTeX Font Info:    Checking defaults for OMS/cmsy/m/n on input line 3.
LaTeX Font Info:    ... okay on input line 3.
LaTeX Font Info:    Checking defaults for OT1/cmr/m/n on input line 3.
LaTeX Font Info:    ... okay on input line 3.
LaTeX Font Info:    Checking defaults for T1/cmr/m/n on input line 3.
LaTeX Font Info:    ... okay on input line 3.
LaTeX Font Info:    Checking defaults for TS1/cmr/m/n on input line 3.
LaTeX Font Info:    ... okay on input line 3.
LaTeX Font Info:    Checking defaults for OMX/cmex/m/n on input line 3.
LaTeX Font Info:    ... okay on input line 3.
LaTeX Font Info:    Checking defaults for U/cmr/m/n on input line 3.
LaTeX Font Info:    ... okay on input line 3.

(/home/somnath/study/texlive/2022/texmf-dist/tex/context/base/mkii/supp-pdf.mki
i
[Loading MPS to PDF converter (version 2006.09.02).]
\scratchcounter=\count336
\scratchdimen=\dimen279
\scratchbox=\box66
\nofMPsegments=\count337
\nofMParguments=\count338
\everyMPshowfont=\toks46
\MPscratchCnt=\count339
\MPscratchDim=\dimen280
\MPnumerator=\count340
\makeMPintoPDFobject=\count341
\everyMPtoPDFconversion=\toks47
)
(/home/somnath/study/texlive/2022/texmf-dist/tex/latex/epstopdf-pkg/epstopdf-ba
se.sty
Package: epstopdf-base 2020-01-24 v2.11 Base part for package epstopdf
Package epstopdf-base Info: Redefining graphics rule for `.eps' on input line 4
85.

(/home/somnath/study/texlive/2022/texmf-dist/tex/latex/latexconfig/epstopdf-sys
.cfg
File: epstopdf-sys.cfg 2010/07/13 v1.3 Configuration of (r)epstopdf for TeX Liv
e
))
(/home/somnath/study/texlive/2022/texmf-dist/tex/latex/fmtcount/fc-english.def
File: fc-english.def 2016/01/12
)
*geometry* driver: auto-detecting
*geometry* detected driver: pdftex
*geometry* verbose mode - [ preamble ] result:
* driver: pdftex
* paper: <default>
* layout: <same size as paper>
* layoutoffset:(h,v)=(0.0pt,0.0pt)
* modes: 
* h-part:(L,W,R)=(72.26999pt, 469.75502pt, 72.26999pt)
* v-part:(T,H,B)=(72.26999pt, 650.43001pt, 72.26999pt)
* \paperwidth=614.295pt
* \paperheight=794.96999pt
* \textwidth=469.75502pt
* \textheight=650.43001pt
* \oddsidemargin=0.0pt
* \evensidemargin=0.0pt
* \topmargin=-37.0pt
* \headheight=12.0pt
* \headsep=25.0pt
* \topskip=11.0pt
* \footskip=30.0pt
* \marginparwidth=59.0pt
* \marginparsep=10.0pt
* \columnsep=10.0pt
* \skip\footins=10.0pt plus 4.0pt minus 2.0pt
* \hoffset=0.0pt
* \voffset=0.0pt
* \mag=1000
* \@twocolumnfalse
* \@twosidefalse
* \@mparswitchfalse
* \@reversemarginfalse
* (1in=72.27pt=25.4mm, 1cm=28.453pt)

LaTeX Font Info:    Trying to load font information for U+msa on input line 15.

(/home/somnath/study/texlive/2022/texmf-dist/tex/latex/amsfonts/umsa.fd
File: umsa.fd 2013/01/14 v3.01 AMS symbols A
)
LaTeX Font Info:    Trying to load font information for U+msb on input line 15.


(/home/somnath/study/texlive/2022/texmf-dist/tex/latex/amsfonts/umsb.fd
File: umsb.fd 2013/01/14 v3.01 AMS symbols B
)
LaTeX Font Info:    Trying to load font information for U+stmry on input line 1
5.

(/home/somnath/study/texlive/2022/texmf-dist/tex/latex/stmaryrd/Ustmry.fd)
(./abstract.tex) (./introduction.tex) (./background_kannan.tex [1

{/home/somnath/study/texlive/2022/texmf-var/fonts/map/pdftex/updmap/pdftex.map}
] [2])
(./T_action_preliminaries.tex [3] [4]) (./hb_as_Tinv_gens.tex
LaTeX Font Info:    Trying to load font information for U+eus on input line 31.


(/home/somnath/study/texlive/2022/texmf-dist/tex/latex/amsfonts/ueus.fd
File: ueus.fd 2013/01/14 v3.01 Euler Script
)
[5] [6]) (./grassmannian_normality.tex (./examples/g37chain28ex.tex [7])
[8]) (./flag_varieties_normality.tex
Overfull \hbox (34.10147pt too wide) in paragraph at lines 3--4
\OT1/cmr/m/n/10.95 We use ideas sim-i-lar to what we used in the pre-vi-ous sec
-tion to study GIT quo-tients $\OML/cmm/m/it/10.95 T\OMS/cmsy/m/n/10.95 nn\OT1/
cmr/m/n/10.95 (\OML/cmm/m/it/10.95 SL\OT1/cmr/m/n/10.95 (5\OML/cmm/m/it/10.95 ;
 \U/msb/m/n/10.95 C\OT1/cmr/m/n/10.95 )\OML/cmm/m/it/10.95 =Q\OT1/cmr/m/n/10.95
 )[]\OMS/cmsy/m/n/10.95 L\OT1/cmr/m/n/10.95 (\OML/cmm/m/it/10.95 ^^U\OT1/cmr/m/
n/10.95 )$,
 []

[9] (./examples/shape32chain0.tex) (./examples/shape32aug_mat_chain0.tex)
(./examples/shape32shape_mat_chain0.tex) (./examples/shape32chain0hb.tex)
(./examples/shape32hb.tex) [10]) (./flag_varieties_relations.tex [11])
(./main.bbl [12]) (./app2_sch367.tex [13] [14] [15] [16])
(./app3_fv_notations.tex [17]) (./app4_fv_hbs.tex [18] [19]
(./examples/shape41hb.tex) (./examples/shape311hb.tex [20])
(./examples/shape221hb.tex) (./examples/shape221x1x2rel.tex)
(./examples/shape2111hb.tex)) [21] (./main.aux) ) 
Here is how much of TeX's memory you used:
 18255 strings out of 478293
 365835 string characters out of 5840483
 823615 words of memory out of 5000000
 36004 multiletter control sequences out of 15000+600000
 493654 words of font info for 122 fonts, out of 8000000 for 9000
 1141 hyphenation exceptions out of 8191
 98i,14n,94p,1899b,339s stack positions out of 10000i,1000n,20000p,200000b,200000s
{/home/somnath/study/texlive/2
022/texmf-dist/fonts/enc/dvips/cm-super/cm-super-ts1.enc}</home/somnath/study/t
exlive/2022/texmf-dist/fonts/type1/public/amsfonts/cm/cmbx10.pfb></home/somnath
/study/texlive/2022/texmf-dist/fonts/type1/public/amsfonts/cm/cmbx12.pfb></home
/somnath/study/texlive/2022/texmf-dist/fonts/type1/public/amsfonts/cm/cmbx8.pfb
></home/somnath/study/texlive/2022/texmf-dist/fonts/type1/public/amsfonts/cm/cm
ex10.pfb></home/somnath/study/texlive/2022/texmf-dist/fonts/type1/public/amsfon
ts/cm/cmmi10.pfb></home/somnath/study/texlive/2022/texmf-dist/fonts/type1/publi
c/amsfonts/cm/cmmi12.pfb></home/somnath/study/texlive/2022/texmf-dist/fonts/typ
e1/public/amsfonts/cm/cmmi6.pfb></home/somnath/study/texlive/2022/texmf-dist/fo
nts/type1/public/amsfonts/cm/cmmi8.pfb></home/somnath/study/texlive/2022/texmf-
dist/fonts/type1/public/amsfonts/cm/cmmi9.pfb></home/somnath/study/texlive/2022
/texmf-dist/fonts/type1/public/amsfonts/cm/cmmib10.pfb></home/somnath/study/tex
live/2022/texmf-dist/fonts/type1/public/amsfonts/cm/cmr10.pfb></home/somnath/st
udy/texlive/2022/texmf-dist/fonts/type1/public/amsfonts/cm/cmr12.pfb></home/som
nath/study/texlive/2022/texmf-dist/fonts/type1/public/amsfonts/cm/cmr17.pfb></h
ome/somnath/study/texlive/2022/texmf-dist/fonts/type1/public/amsfonts/cm/cmr6.p
fb></home/somnath/study/texlive/2022/texmf-dist/fonts/type1/public/amsfonts/cm/
cmr8.pfb></home/somnath/study/texlive/2022/texmf-dist/fonts/type1/public/amsfon
ts/cm/cmr9.pfb></home/somnath/study/texlive/2022/texmf-dist/fonts/type1/public/
amsfonts/cm/cmsy10.pfb></home/somnath/study/texlive/2022/texmf-dist/fonts/type1
/public/amsfonts/cm/cmsy6.pfb></home/somnath/study/texlive/2022/texmf-dist/font
s/type1/public/amsfonts/cm/cmsy8.pfb></home/somnath/study/texlive/2022/texmf-di
st/fonts/type1/public/amsfonts/cm/cmti10.pfb></home/somnath/study/texlive/2022/
texmf-dist/fonts/type1/public/amsfonts/cm/cmtt9.pfb></home/somnath/study/texliv
e/2022/texmf-dist/fonts/type1/public/amsfonts/euler/eusm10.pfb></home/somnath/s
tudy/texlive/2022/texmf-dist/fonts/type1/public/amsfonts/euler/eusm7.pfb></home
/somnath/study/texlive/2022/texmf-dist/fonts/type1/public/amsfonts/symbols/msbm
10.pfb></home/somnath/study/texlive/2022/texmf-dist/fonts/type1/public/cm-super
/sfrm0600.pfb></home/somnath/study/texlive/2022/texmf-dist/fonts/type1/public/c
m-super/sfrm0800.pfb>
Output written on main.pdf (21 pages, 416130 bytes).
PDF statistics:
 207 PDF objects out of 1000 (max. 8388607)
 130 compressed objects within 2 object streams
 0 named destinations out of 1000 (max. 500000)
 13 words of extra memory for PDF output out of 10000 (max. 10000000)

