\BOOKMARK [1][-]{section.1}{\376\377\000A\000b\000s\000t\000r\000a\000c\000t}{}% 1
\BOOKMARK [1][-]{section.2}{\376\377\000I\000n\000t\000r\000o\000d\000u\000c\000t\000i\000o\000n}{}% 2
\BOOKMARK [2][-]{subsection.2.1}{\376\377\000N\000o\000t\000a\000t\000i\000o\000n\000s}{section.2}% 3
\BOOKMARK [2][-]{subsection.2.2}{\376\377\000B\000a\000c\000k\000g\000r\000o\000u\000n\000d}{section.2}% 4
\BOOKMARK [2][-]{subsection.2.3}{\376\377\000M\000a\000i\000n\000\040\000r\000e\000s\000u\000l\000t\000s}{section.2}% 5
\BOOKMARK [2][-]{subsection.2.4}{\376\377\000O\000r\000g\000a\000n\000i\000s\000a\000t\000i\000o\000n}{section.2}% 6
\BOOKMARK [1][-]{section.3}{\376\377\000P\000r\000e\000l\000i\000m\000i\000n\000a\000r\000i\000e\000s}{}% 7
\BOOKMARK [2][-]{subsection.3.1}{\376\377\000S\000t\000a\000n\000d\000a\000r\000d\000\040\000m\000o\000n\000o\000m\000i\000a\000l\000s}{section.3}% 8
\BOOKMARK [3][-]{subsubsection.3.1.1}{\376\377\000T\000-\000i\000n\000v\000a\000r\000i\000a\000n\000t\000s}{subsection.3.1}% 9
\BOOKMARK [1][-]{section.4}{\376\377\000G\000e\000n\000e\000r\000a\000t\000i\000n\000g\000\040\000s\000e\000t\000\040\000o\000f\000\040\000T\000-\000i\000n\000v\000a\000r\000i\000a\000n\000t\000s\000\040\000u\000s\000i\000n\000g\000\040\000p\000o\000l\000y\000h\000e\000d\000r\000a\000l\000\040\000t\000h\000e\000o\000r\000y}{}% 10
\BOOKMARK [2][-]{subsection.4.1}{\376\377\000T\000\040\000i\000n\000v\000a\000r\000i\000a\000n\000t\000s\000\040\000w\000i\000t\000h\000\040\000s\000u\000p\000p\000o\000r\000t\000\040\000i\000n\000\040\000a\000\040\000m\000a\000x\000i\000m\000a\000l\000\040\000c\000h\000a\000i\000n}{section.4}% 11
\BOOKMARK [2][-]{subsection.4.2}{\376\377\000G\000e\000n\000e\000r\000a\000t\000i\000n\000g\000\040\000s\000e\000t\000\040\000o\000f\000\040\000T\000-\000i\000n\000v\000a\000r\000i\000a\000n\000t\000s}{section.4}% 12
\BOOKMARK [1][-]{section.5}{\376\377\000T\000h\000e\000\040\000c\000a\000s\000e\000\040\000o\000f\000\040\000G\000r\0003\000,\0007}{}% 13
\BOOKMARK [2][-]{subsubsection.5.0.1}{\376\377\000E\000x\000a\000m\000p\000l\000e}{section.5}% 14
\BOOKMARK [2][-]{subsection.5.1}{\376\377\000P\000r\000o\000j\000e\000c\000t\000i\000v\000e\000\040\000n\000o\000r\000m\000a\000l\000i\000t\000y}{section.5}% 15
\BOOKMARK [1][-]{section.6}{\376\377\000T\000-\000q\000u\000o\000t\000i\000e\000n\000t\000s\000\040\000o\000f\000\040\000p\000a\000r\000t\000i\000a\000l\000\040\000f\000l\000a\000g\000\040\000v\000a\000r\000i\000t\000i\000e\000s}{}% 16
\BOOKMARK [1][-]{section.7}{\376\377\000F\000l\000a\000g\000\040\000v\000a\000r\000i\000e\000t\000i\000e\000s\000\040\000w\000h\000o\000s\000e\000\040\000T\000\040\000q\000u\000o\000t\000i\000e\000n\000t\000s\000\040\000a\000r\000e\000\040\000G\000r\000a\000s\000s\000m\000a\000n\000n\000i\000a\000n\000s}{}% 17
\BOOKMARK [2][-]{subsection.7.1}{\376\377\000S\000h\000a\000p\000e\000\040\000\050\000r\000,\0001\000s\000\051}{section.7}% 18
\BOOKMARK [1][-]{appendix.A}{\376\377\000T\000h\000e\000\040\000S\000c\000h\000u\000b\000e\000r\000t\000\040\000v\000a\000r\000i\000e\000t\000y\000\040\000[\0003\0006\0007\000]\000\040\000i\000n\000\040\000G\0003\000,\0007}{}% 19
\BOOKMARK [2][-]{subsection.A.1}{\376\377\000F\000a\000c\000t\000o\000r\000i\000n\000g\000\040\000t\0000\000,\000t\0003\000,\000t\0004}{appendix.A}% 20
\BOOKMARK [2][-]{subsection.A.2}{\376\377\000F\000a\000c\000t\000o\000r\000i\000n\000g\000\040\000t\0002}{appendix.A}% 21
\BOOKMARK [2][-]{subsection.A.3}{\376\377\000F\000a\000c\000t\000o\000r\000i\000n\000g\000\040\000t\0005}{appendix.A}% 22
\BOOKMARK [2][-]{subsection.A.4}{\376\377\000F\000a\000c\000t\000o\000r\000i\000n\000g\000\040\000t\0007}{appendix.A}% 23
\BOOKMARK [2][-]{subsection.A.5}{\376\377\000F\000a\000c\000t\000o\000r\000i\000n\000g\000\040\000t\0006}{appendix.A}% 24
\BOOKMARK [1][-]{appendix.B}{\376\377\000H\000i\000l\000b\000e\000r\000t\000\040\000b\000a\000s\000i\000s\000\040\000o\000f\000\040\000f\000l\000a\000g\000\040\000v\000a\000r\000i\000e\000t\000i\000e\000s}{}% 25
\BOOKMARK [1][-]{appendix.C}{\376\377\000G\000e\000n\000e\000r\000a\000t\000o\000r\000s\000\040\000o\000f\000\040\000T\000\040\000q\000u\000o\000t\000i\000e\000n\000t\000\040\000o\000f\000\040\000p\000a\000r\000t\000i\000a\000l\000\040\000F\000l\000a\000g\000\040\000v\000a\000r\000i\000e\000t\000i\000e\000s\000.}{}% 26
\BOOKMARK [2][-]{subsection.C.1}{\376\377\000=\0003\000+\0002}{appendix.C}% 27
\BOOKMARK [3][-]{subsubsection.C.1.1}{\376\377\000P\000o\000l\000y\000n\000o\000m\000i\000a\000l\000\040\000f\0002}{subsection.C.1}% 28
\BOOKMARK [2][-]{subsection.C.2}{\376\377\000=\0004\000+\0001}{appendix.C}% 29
\BOOKMARK [2][-]{subsection.C.3}{\376\377\000=\0003\000+\0002\0001}{appendix.C}% 30
\BOOKMARK [2][-]{subsection.C.4}{\376\377\000=\000\040\0002\0002\000+\0001}{appendix.C}% 31
\BOOKMARK [2][-]{subsection.C.5}{\376\377\000=\0002\000+\0003\0001}{appendix.C}% 32
